<?xml version="1.0" encoding="UTF-8"?>
<!-- Generated by org.testng.reporters.JUnitReportReporter -->
<testsuite skipped="0" hostname="DESKTOP-GCQ4TJ3" name="com.actitime.qa.testcases.HomePageTest" tests="1" failures="0" timestamp="13 Jan 2021 17:23:02 GMT" time="7.981" errors="0">
  <testcase name="verifytextTest" time="7.981" classname="com.actitime.qa.testcases.HomePageTest"/>
</testsuite> <!-- com.actitime.qa.testcases.HomePageTest -->
